Added Component: Designator=C1(C1206)
Added Component: Designator=C2(C1206)
Added Component: Designator=C3(C1206)
Added Component: Designator=C4(C1206)
Added Component: Designator=C5(C0805)
Added Component: Designator=C6(C0805)
Added Component: Designator=C7(C0805)
Added Component: Designator=C8(C0805)
Added Component: Designator=C9(C0805)
Added Component: Designator=C10(C1206)
Added Component: Designator=C11(C0805)
Added Component: Designator=C12(C0805)
Added Component: Designator=C13(C0805)
Added Component: Designator=C14(C0805)
Added Component: Designator=C15(C0805)
Added Component: Designator=C16(C0805)
Added Component: Designator=C17(C0805)
Added Component: Designator=C18(C0805)
Added Component: Designator=C19(C0805)
Added Component: Designator=C20(C0805)
Added Component: Designator=C21(C0805)
Added Component: Designator=C22(C0805)
Added Component: Designator=C23(C0805)
Added Component: Designator=C24(C0805)
Added Component: Designator=C25(C0805)
Added Component: Designator=C26(C0805)
Added Component: Designator=H1(SRN4018)
Added Component: Designator=H2(SRN4018)
Added Component: Designator=H3(SRN4018)
Added Component: Designator=H4(SRN4018)
Added Component: Designator=P1(HDR2X3)
Added Component: Designator=R1(R0805)
Added Component: Designator=R2(R0805)
Added Component: Designator=R3(R0805)
Added Component: Designator=R4(R0805)
Added Component: Designator=R5(R0805)
Added Component: Designator=U1(MKW35Z512VHT4)
Added Component: Designator=U2(74LVCH1T45GS,132)
Added Component: Designator=U3(74LVCH1T45GS,132)
Added Component: Designator=U4(TJA1057GT/3J)
Added Component: Designator=V1(UA78M05/33-CDCYR)
Added Component: Designator=V2(UA78M05/33-CDCYR)
Added Component: Designator=X1(MC-306_32.768KHz)
Added Component: Designator=X2(ECS-250-18-30B-JTN-TR)
Added Pin To Net: NetName=+3V3_LDO Pin=C1-1
Added Pin To Net: NetName=+3V3_LDO Pin=C10-1
Added Pin To Net: NetName=+3V3_LDO Pin=C10-2
Added Pin To Net: NetName=+3V3_LDO Pin=C21-2
Added Pin To Net: NetName=+3V3_LDO Pin=C25-2
Added Pin To Net: NetName=+3V3_LDO Pin=U1-8
Added Pin To Net: NetName=+3V3_LDO Pin=U1-9
Added Pin To Net: NetName=+3V3_LDO Pin=U1-10
Added Pin To Net: NetName=+3V3_LDO Pin=U2-6
Added Pin To Net: NetName=+3V3_LDO Pin=U3-6
Added Pin To Net: NetName=+3V3_LDO Pin=V1-3
Added Net: Name=+3V3_LDO
Added Pin To Net: NetName=+5V_LDO Pin=C2-1
Added Pin To Net: NetName=+5V_LDO Pin=C22-2
Added Pin To Net: NetName=+5V_LDO Pin=C23-2
Added Pin To Net: NetName=+5V_LDO Pin=C24-2
Added Pin To Net: NetName=+5V_LDO Pin=C26-2
Added Pin To Net: NetName=+5V_LDO Pin=R4-1
Added Pin To Net: NetName=+5V_LDO Pin=U2-1
Added Pin To Net: NetName=+5V_LDO Pin=U3-1
Added Pin To Net: NetName=+5V_LDO Pin=U4-3
Added Pin To Net: NetName=+5V_LDO Pin=U4-5
Added Pin To Net: NetName=+5V_LDO Pin=V2-3
Added Net: Name=+5V_LDO
Added Pin To Net: NetName=+12V_VIN Pin=C3-2
Added Pin To Net: NetName=+12V_VIN Pin=C4-2
Added Pin To Net: NetName=+12V_VIN Pin=V1-1
Added Pin To Net: NetName=+12V_VIN Pin=V2-1
Added Net: Name=+12V_VIN
Added Pin To Net: NetName=CAN_H Pin=U4-7
Added Net: Name=CAN_H
Added Pin To Net: NetName=CAN_L Pin=U4-6
Added Net: Name=CAN_L
Added Pin To Net: NetName=GND Pin=C1-2
Added Pin To Net: NetName=GND Pin=C2-2
Added Pin To Net: NetName=GND Pin=C3-1
Added Pin To Net: NetName=GND Pin=C4-1
Added Pin To Net: NetName=GND Pin=C5-2
Added Pin To Net: NetName=GND Pin=C6-1
Added Pin To Net: NetName=GND Pin=C7-1
Added Pin To Net: NetName=GND Pin=C8-1
Added Pin To Net: NetName=GND Pin=C9-1
Added Pin To Net: NetName=GND Pin=C11-1
Added Pin To Net: NetName=GND Pin=C12-1
Added Pin To Net: NetName=GND Pin=C13-1
Added Pin To Net: NetName=GND Pin=C14-1
Added Pin To Net: NetName=GND Pin=C15-1
Added Pin To Net: NetName=GND Pin=C16-1
Added Pin To Net: NetName=GND Pin=C17-1
Added Pin To Net: NetName=GND Pin=C19-1
Added Pin To Net: NetName=GND Pin=C20-1
Added Pin To Net: NetName=GND Pin=C21-1
Added Pin To Net: NetName=GND Pin=C22-1
Added Pin To Net: NetName=GND Pin=C23-1
Added Pin To Net: NetName=GND Pin=C24-1
Added Pin To Net: NetName=GND Pin=C25-1
Added Pin To Net: NetName=GND Pin=C26-1
Added Pin To Net: NetName=GND Pin=P1-3
Added Pin To Net: NetName=GND Pin=P1-5
Added Pin To Net: NetName=GND Pin=U2-2
Added Pin To Net: NetName=GND Pin=U2-5
Added Pin To Net: NetName=GND Pin=U3-2
Added Pin To Net: NetName=GND Pin=U4-2
Added Pin To Net: NetName=GND Pin=U4-8
Added Pin To Net: NetName=GND Pin=V1-2
Added Pin To Net: NetName=GND Pin=V1-4
Added Pin To Net: NetName=GND Pin=V2-2
Added Pin To Net: NetName=GND Pin=V2-4
Added Net: Name=GND
Added Pin To Net: NetName=NetC5_1 Pin=C5-1
Added Pin To Net: NetName=NetC5_1 Pin=H1-2
Added Pin To Net: NetName=NetC5_1 Pin=U1-28
Added Net: Name=NetC5_1
Added Pin To Net: NetName=NetC8_2 Pin=C8-2
Added Pin To Net: NetName=NetC8_2 Pin=H2-1
Added Pin To Net: NetName=NetC8_2 Pin=U1-15
Added Net: Name=NetC8_2
Added Pin To Net: NetName=NetC18_1 Pin=C18-1
Added Pin To Net: NetName=NetC18_1 Pin=R2-1
Added Net: Name=NetC18_1
Added Pin To Net: NetName=NetC18_2 Pin=C18-2
Added Pin To Net: NetName=NetC18_2 Pin=C20-2
Added Pin To Net: NetName=NetC18_2 Pin=H3-2
Added Net: Name=NetC18_2
Added Pin To Net: NetName=NetC19_2 Pin=C19-2
Added Pin To Net: NetName=NetC19_2 Pin=H3-1
Added Pin To Net: NetName=NetC19_2 Pin=U1-33
Added Net: Name=NetC19_2
Added Pin To Net: NetName=NetH4_1 Pin=H4-1
Added Pin To Net: NetName=NetH4_1 Pin=U1-12
Added Net: Name=NetH4_1
Added Pin To Net: NetName=NetH4_2 Pin=H4-2
Added Pin To Net: NetName=NetH4_2 Pin=U1-11
Added Net: Name=NetH4_2
Added Pin To Net: NetName=NetR3_1 Pin=R3-1
Added Pin To Net: NetName=NetR3_1 Pin=U2-4
Added Net: Name=NetR3_1
Added Pin To Net: NetName=NetR4_2 Pin=R4-2
Added Pin To Net: NetName=NetR4_2 Pin=U3-5
Added Net: Name=NetR4_2
Added Pin To Net: NetName=NetR5_1 Pin=R5-1
Added Pin To Net: NetName=NetR5_1 Pin=U3-4
Added Net: Name=NetR5_1
Added Pin To Net: NetName=NetU1_13 Pin=U1-13
Added Pin To Net: NetName=NetU1_13 Pin=U1-26
Added Pin To Net: NetName=NetU1_13 Pin=U1-49
Added Net: Name=NetU1_13
Added Pin To Net: NetName=NetU1_21 Pin=U1-21
Added Pin To Net: NetName=NetU1_21 Pin=X1-3
Added Net: Name=NetU1_21
Added Pin To Net: NetName=NetU1_22 Pin=U1-22
Added Pin To Net: NetName=NetU1_22 Pin=X1-1
Added Net: Name=NetU1_22
Added Pin To Net: NetName=NetU1_30 Pin=U1-30
Added Pin To Net: NetName=NetU1_30 Pin=X2-1
Added Net: Name=NetU1_30
Added Pin To Net: NetName=NetU1_31 Pin=U1-31
Added Pin To Net: NetName=NetU1_31 Pin=X2-3
Added Net: Name=NetU1_31
Added Pin To Net: NetName=NetU2_3 Pin=U2-3
Added Pin To Net: NetName=NetU2_3 Pin=U4-1
Added Net: Name=NetU2_3
Added Pin To Net: NetName=NetU3_3 Pin=U3-3
Added Pin To Net: NetName=NetU3_3 Pin=U4-4
Added Net: Name=NetU3_3
Added Pin To Net: NetName=PTA0/SWD_DIO Pin=P1-2
Added Pin To Net: NetName=PTA0/SWD_DIO Pin=U1-1
Added Net: Name=PTA0/SWD_DIO
Added Pin To Net: NetName=PTA1/SWD_CLK Pin=P1-4
Added Pin To Net: NetName=PTA1/SWD_CLK Pin=U1-2
Added Net: Name=PTA1/SWD_CLK
Added Pin To Net: NetName=PTC3 Pin=R5-2
Added Pin To Net: NetName=PTC3 Pin=U1-39
Added Net: Name=PTC3
Added Pin To Net: NetName=PTC4 Pin=R3-2
Added Pin To Net: NetName=PTC4 Pin=U1-40
Added Net: Name=PTC4
Added Pin To Net: NetName=RST_TGTMCU_B Pin=C17-2
Added Pin To Net: NetName=RST_TGTMCU_B Pin=P1-6
Added Pin To Net: NetName=RST_TGTMCU_B Pin=R1-1
Added Pin To Net: NetName=RST_TGTMCU_B Pin=U1-3
Added Net: Name=RST_TGTMCU_B
Added Pin To Net: NetName=VDD_BRD Pin=C7-2
Added Pin To Net: NetName=VDD_BRD Pin=C11-2
Added Pin To Net: NetName=VDD_BRD Pin=C12-2
Added Pin To Net: NetName=VDD_BRD Pin=P1-1
Added Pin To Net: NetName=VDD_BRD Pin=R1-2
Added Pin To Net: NetName=VDD_BRD Pin=U1-14
Added Pin To Net: NetName=VDD_BRD Pin=U1-20
Added Pin To Net: NetName=VDD_BRD Pin=U1-44
Added Net: Name=VDD_BRD
Added Pin To Net: NetName=VDD_REF Pin=C9-2
Added Pin To Net: NetName=VDD_REF Pin=C13-2
Added Pin To Net: NetName=VDD_REF Pin=C14-2
Added Pin To Net: NetName=VDD_REF Pin=C15-2
Added Pin To Net: NetName=VDD_REF Pin=C16-2
Added Pin To Net: NetName=VDD_REF Pin=H2-2
Added Pin To Net: NetName=VDD_REF Pin=U1-32
Added Pin To Net: NetName=VDD_REF Pin=U1-35
Added Pin To Net: NetName=VDD_REF Pin=U1-36
Added Net: Name=VDD_REF
Added Pin To Net: NetName=VREF_OUT Pin=C6-2
Added Pin To Net: NetName=VREF_OUT Pin=U1-27
Added Net: Name=VREF_OUT
Added Class: Name=[03] - Controller
Added Class: Name=[04] - CAN
Added Room: Name=[03] - Controller
Added Room: Name=[04] - CAN
