Added Component: Designator=C1(C0805)
Added Component: Designator=C2(C1206)
Added Component: Designator=C3(C1206)
Added Component: Designator=C4(C1206)
Added Component: Designator=C5(C0805)
Added Component: Designator=C6(C0805)
Added Component: Designator=C7(C0805)
Added Component: Designator=C8(C0805)
Added Component: Designator=C9(C0805)
Added Component: Designator=C10(C0805)
Added Component: Designator=C11(C0805)
Added Component: Designator=C12(C0805)
Added Component: Designator=C13(C0805)
Added Component: Designator=C14(C0805)
Added Component: Designator=C15(C0805)
Added Component: Designator=C16(C0805)
Added Component: Designator=C17(C0805)
Added Component: Designator=C18(C0805)
Added Component: Designator=C19(C0805)
Added Component: Designator=C20(C0805)
Added Component: Designator=C21(C0805)
Added Component: Designator=C22(C0805)
Added Component: Designator=C23(C0805)
Added Component: Designator=C24(C0805)
Added Component: Designator=C25(C0805)
Added Component: Designator=C26(C0805)
Added Component: Designator=C27(C0805)
Added Component: Designator=C28(C0805)
Added Component: Designator=C29(C0805)
Added Component: Designator=C30(C0805)
Added Component: Designator=C31(C0805)
Added Component: Designator=C32(C0805)
Added Component: Designator=C33(C0805)
Added Component: Designator=C34(C0805)
Added Component: Designator=C35(C0805)
Added Component: Designator=C36(C0805)
Added Component: Designator=C37(C0805)
Added Component: Designator=C38(C0805)
Added Component: Designator=C39(C0805)
Added Component: Designator=C40(C0805)
Added Component: Designator=C41(C0805)
Added Component: Designator=C42(C0805)
Added Component: Designator=C43(C0805)
Added Component: Designator=C44(C0805)
Added Component: Designator=C45(C0805)
Added Component: Designator=C46(C0805)
Added Component: Designator=C47(C0805)
Added Component: Designator=C48(C0805)
Added Component: Designator=C49(C0805)
Added Component: Designator=C50(C0805)
Added Component: Designator=C51(C0805)
Added Component: Designator=C52(C0805)
Added Component: Designator=C53(C0805)
Added Component: Designator=C54(C0805)
Added Component: Designator=C55(C0805)
Added Component: Designator=C56(C0805)
Added Component: Designator=C57(C0805)
Added Component: Designator=C58(C0805)
Added Component: Designator=C59(C0805)
Added Component: Designator=C60(C0805)
Added Component: Designator=C61(C0805)
Added Component: Designator=C62(C0805)
Added Component: Designator=C63(C0805)
Added Component: Designator=C64(C1206)
Added Component: Designator=C65(C0805)
Added Component: Designator=C66(C0805)
Added Component: Designator=C67(C0805)
Added Component: Designator=D1(SS34)
Added Component: Designator=FB1(FB_1210)
Added Component: Designator=FB2(FB_1210)
Added Component: Designator=FB3(FB_0805)
Added Component: Designator=FB4(FB_0805)
Added Component: Designator=FB5(FB_0805)
Added Component: Designator=FB6(FB_0805)
Added Component: Designator=FB7(FB_0805)
Added Component: Designator=FB8(FB_0805)
Added Component: Designator=FB9(FB_0805)
Added Component: Designator=H1(SRN4018)
Added Component: Designator=H2(SRN4018)
Added Component: Designator=H3(3,0)
Added Component: Designator=H4(3,0)
Added Component: Designator=H5(3,0)
Added Component: Designator=H6(3,0)
Added Component: Designator=H7(3,0)
Added Component: Designator=H8(3,0)
Added Component: Designator=H9(3,0)
Added Component: Designator=H10(3,0)
Added Component: Designator=J1(KLD-0202)
Added Component: Designator=J2(DIMM Connectors-200Pin)
Added Component: Designator=J3(2201778-1)
Added Component: Designator=J4(Dual-USB)
Added Component: Designator=J5(Dual-USB)
Added Component: Designator=J6(Ethernet Port)
Added Component: Designator=J7(1-1734248-5)
Added Component: Designator=J8(PRT-00783_F)
Added Component: Designator=J9(1-1734248-5)
Added Component: Designator=L1(LED0805)
Added Component: Designator=L2(LED0805)
Added Component: Designator=L3(LED0805)
Added Component: Designator=P1(HDR1X2)
Added Component: Designator=P2(HDR1X2)
Added Component: Designator=Q1(IRLML6401TRPBF)
Added Component: Designator=Q2(DWG1012UW-7)
Added Component: Designator=Q3(DWG1012UW-7)
Added Component: Designator=Q4(BVSS138L)
Added Component: Designator=R1(R0805)
Added Component: Designator=R2(R0805)
Added Component: Designator=R3(R0805)
Added Component: Designator=R4(R0805)
Added Component: Designator=R5(R0805)
Added Component: Designator=R6(R0805)
Added Component: Designator=R7(R0805)
Added Component: Designator=R8(R0805)
Added Component: Designator=R9(R0805)
Added Component: Designator=R10(R0805)
Added Component: Designator=R11(R0805)
Added Component: Designator=R12(R0805)
Added Component: Designator=R13(R0805)
Added Component: Designator=R14(R0805)
Added Component: Designator=R15(R0805)
Added Component: Designator=R16(R0805)
Added Component: Designator=R17(R0805)
Added Component: Designator=R18(R0805)
Added Component: Designator=R19(R0805)
Added Component: Designator=R20(R0805)
Added Component: Designator=R21(R0805)
Added Component: Designator=R22(R0805)
Added Component: Designator=R23(R0805)
Added Component: Designator=R24(R0805)
Added Component: Designator=R25(R0805)
Added Component: Designator=R26(R0805)
Added Component: Designator=R27(R0805)
Added Component: Designator=R28(R0805)
Added Component: Designator=R29(R0805)
Added Component: Designator=R30(R0805)
Added Component: Designator=R31(R0805)
Added Component: Designator=R32(R0805)
Added Component: Designator=R33(R0805)
Added Component: Designator=R34(R0805)
Added Component: Designator=R35(R0805)
Added Component: Designator=R36(R0805)
Added Component: Designator=R37(R0805)
Added Component: Designator=R38(R0805)
Added Component: Designator=R39(R0805)
Added Component: Designator=R40(R0805)
Added Component: Designator=R41(R0805)
Added Component: Designator=R42(R0805)
Added Component: Designator=R43(R0805)
Added Component: Designator=R44(R0805)
Added Component: Designator=R45(R0805)
Added Component: Designator=R46(R0805)
Added Component: Designator=R47(R0805)
Added Component: Designator=R48(R0805)
Added Component: Designator=R49(R0805)
Added Component: Designator=R50(R0805)
Added Component: Designator=R51(R0805)
Added Component: Designator=R52(R0805)
Added Component: Designator=R53(R0805)
Added Component: Designator=R54(R0805)
Added Component: Designator=S1(BSF-3100)
Added Component: Designator=SMBJ5.0A-TR(SMBJ5.0A-TR)
Added Component: Designator=U1(PAM2306AYPKE)
Added Component: Designator=U2(LTC2954CTS8-2)
Added Component: Designator=U3(NC7SZ126M5X)
Added Component: Designator=U4(MIC2026A-2YM-TR)
Added Component: Designator=U5(MIC2026A-2YM-TR)
Added Component: Designator=U6(LAN9514-JZX)
Added Component: Designator=U7(SOT65P210X110-6N)
Added Component: Designator=U8(QFN50P700X700X80-45N)
Added Component: Designator=U9(SPH0645LM4H-B)
Added Component: Designator=U10(SPH0645LM4H-B)
Added Component: Designator=U11(DS3232SN)
Added Component: Designator=V1(AP7115-25SEG-7)
Added Component: Designator=X1(ECS-250-18-30B-JTN-TR)
Added Pin To Net: NetName=1V8_SW Pin=C12-2
Added Pin To Net: NetName=1V8_SW Pin=C34-2
Added Pin To Net: NetName=1V8_SW Pin=C35-2
Added Pin To Net: NetName=1V8_SW Pin=C36-2
Added Pin To Net: NetName=1V8_SW Pin=H2-2
Added Pin To Net: NetName=1V8_SW Pin=R5-1
Added Pin To Net: NetName=1V8_SW Pin=R6-2
Added Pin To Net: NetName=1V8_SW Pin=R18-2
Added Pin To Net: NetName=1V8_SW Pin=R22-1
Added Pin To Net: NetName=1V8_SW Pin=U6-15
Added Pin To Net: NetName=1V8_SW Pin=U6-38
Added Net: Name=1V8_SW
Added Pin To Net: NetName=3V3_FILT Pin=C20-2
Added Pin To Net: NetName=3V3_FILT Pin=C21-2
Added Pin To Net: NetName=3V3_FILT Pin=C22-2
Added Pin To Net: NetName=3V3_FILT Pin=C23-2
Added Pin To Net: NetName=3V3_FILT Pin=C24-2
Added Pin To Net: NetName=3V3_FILT Pin=C26-2
Added Pin To Net: NetName=3V3_FILT Pin=C27-2
Added Pin To Net: NetName=3V3_FILT Pin=FB3-2
Added Pin To Net: NetName=3V3_FILT Pin=R26-2
Added Pin To Net: NetName=3V3_FILT Pin=R27-2
Added Pin To Net: NetName=3V3_FILT Pin=R28-2
Added Pin To Net: NetName=3V3_FILT Pin=R29-2
Added Pin To Net: NetName=3V3_FILT Pin=R30-2
Added Pin To Net: NetName=3V3_FILT Pin=U6-5
Added Pin To Net: NetName=3V3_FILT Pin=U6-10
Added Pin To Net: NetName=3V3_FILT Pin=U6-49
Added Pin To Net: NetName=3V3_FILT Pin=U6-51
Added Pin To Net: NetName=3V3_FILT Pin=U6-54
Added Pin To Net: NetName=3V3_FILT Pin=U6-57
Added Pin To Net: NetName=3V3_FILT Pin=U6-64
Added Net: Name=3V3_FILT
Added Pin To Net: NetName=3V3_SW Pin=C7-2
Added Pin To Net: NetName=3V3_SW Pin=C8-2
Added Pin To Net: NetName=3V3_SW Pin=C13-1
Added Pin To Net: NetName=3V3_SW Pin=C28-2
Added Pin To Net: NetName=3V3_SW Pin=C29-2
Added Pin To Net: NetName=3V3_SW Pin=C30-2
Added Pin To Net: NetName=3V3_SW Pin=C31-2
Added Pin To Net: NetName=3V3_SW Pin=C43-2
Added Pin To Net: NetName=3V3_SW Pin=C44-2
Added Pin To Net: NetName=3V3_SW Pin=C45-2
Added Pin To Net: NetName=3V3_SW Pin=C46-2
Added Pin To Net: NetName=3V3_SW Pin=C47-2
Added Pin To Net: NetName=3V3_SW Pin=C61-2
Added Pin To Net: NetName=3V3_SW Pin=C62-2
Added Pin To Net: NetName=3V3_SW Pin=C65-2
Added Pin To Net: NetName=3V3_SW Pin=C66-2
Added Pin To Net: NetName=3V3_SW Pin=C67-2
Added Pin To Net: NetName=3V3_SW Pin=FB3-1
Added Pin To Net: NetName=3V3_SW Pin=H1-2
Added Pin To Net: NetName=3V3_SW Pin=J3-4
Added Pin To Net: NetName=3V3_SW Pin=J6-9
Added Pin To Net: NetName=3V3_SW Pin=J6-12
Added Pin To Net: NetName=3V3_SW Pin=J7-14
Added Pin To Net: NetName=3V3_SW Pin=J7-15
Added Pin To Net: NetName=3V3_SW Pin=J9-15
Added Pin To Net: NetName=3V3_SW Pin=R2-1
Added Pin To Net: NetName=3V3_SW Pin=R3-2
Added Pin To Net: NetName=3V3_SW Pin=R9-1
Added Pin To Net: NetName=3V3_SW Pin=R10-2
Added Pin To Net: NetName=3V3_SW Pin=R11-1
Added Pin To Net: NetName=3V3_SW Pin=R12-2
Added Pin To Net: NetName=3V3_SW Pin=R14-2
Added Pin To Net: NetName=3V3_SW Pin=R15-2
Added Pin To Net: NetName=3V3_SW Pin=R24-1
Added Pin To Net: NetName=3V3_SW Pin=R33-1
Added Pin To Net: NetName=3V3_SW Pin=R34-2
Added Pin To Net: NetName=3V3_SW Pin=R48-2
Added Pin To Net: NetName=3V3_SW Pin=R49-2
Added Pin To Net: NetName=3V3_SW Pin=R51-2
Added Pin To Net: NetName=3V3_SW Pin=R52-2
Added Pin To Net: NetName=3V3_SW Pin=R54-2
Added Pin To Net: NetName=3V3_SW Pin=U3-5
Added Pin To Net: NetName=3V3_SW Pin=U6-19
Added Pin To Net: NetName=3V3_SW Pin=U6-27
Added Pin To Net: NetName=3V3_SW Pin=U6-28
Added Pin To Net: NetName=3V3_SW Pin=U6-29
Added Pin To Net: NetName=3V3_SW Pin=U6-30
Added Pin To Net: NetName=3V3_SW Pin=U6-32
Added Pin To Net: NetName=3V3_SW Pin=U6-33
Added Pin To Net: NetName=3V3_SW Pin=U6-39
Added Pin To Net: NetName=3V3_SW Pin=U6-40
Added Pin To Net: NetName=3V3_SW Pin=U6-46
Added Pin To Net: NetName=3V3_SW Pin=U7-5
Added Pin To Net: NetName=3V3_SW Pin=U8-6
Added Pin To Net: NetName=3V3_SW Pin=U8-10
Added Pin To Net: NetName=3V3_SW Pin=U8-21
Added Pin To Net: NetName=3V3_SW Pin=U8-28
Added Pin To Net: NetName=3V3_SW Pin=U9-5
Added Pin To Net: NetName=3V3_SW Pin=U10-2
Added Pin To Net: NetName=3V3_SW Pin=U10-5
Added Pin To Net: NetName=3V3_SW Pin=U11-4
Added Pin To Net: NetName=3V3_SW Pin=V1-5
Added Net: Name=3V3_SW
Added Pin To Net: NetName=5V_FILT Pin=C2-2
Added Pin To Net: NetName=5V_FILT Pin=C3-2
Added Pin To Net: NetName=5V_FILT Pin=C4-2
Added Pin To Net: NetName=5V_FILT Pin=C10-2
Added Pin To Net: NetName=5V_FILT Pin=C11-2
Added Pin To Net: NetName=5V_FILT Pin=C25-1
Added Pin To Net: NetName=5V_FILT Pin=C48-2
Added Pin To Net: NetName=5V_FILT Pin=C49-2
Added Pin To Net: NetName=5V_FILT Pin=C50-2
Added Pin To Net: NetName=5V_FILT Pin=C51-2
Added Pin To Net: NetName=5V_FILT Pin=FB1-2
Added Pin To Net: NetName=5V_FILT Pin=Q1-3
Added Pin To Net: NetName=5V_FILT Pin=R1-1
Added Pin To Net: NetName=5V_FILT Pin=R7-2
Added Pin To Net: NetName=5V_FILT Pin=R8-2
Added Pin To Net: NetName=5V_FILT Pin=R21-1
Added Pin To Net: NetName=5V_FILT Pin=U1-1
Added Pin To Net: NetName=5V_FILT Pin=U1-7
Added Pin To Net: NetName=5V_FILT Pin=U2-1
Added Pin To Net: NetName=5V_FILT Pin=U4-7
Added Pin To Net: NetName=5V_FILT Pin=U5-7
Added Pin To Net: NetName=5V_FILT Pin=U8-4
Added Pin To Net: NetName=5V_FILT Pin=U8-5
Added Pin To Net: NetName=5V_FILT Pin=U8-29
Added Pin To Net: NetName=5V_FILT Pin=U8-30
Added Net: Name=5V_FILT
Added Pin To Net: NetName=A_MUTE Pin=Q4-1
Added Net: Name=A_MUTE
Added Pin To Net: NetName=AGND Pin=C64-1
Added Pin To Net: NetName=AGND Pin=FB9-1
Added Net: Name=AGND
Added Pin To Net: NetName=BCLK Pin=J2-63
Added Pin To Net: NetName=BCLK Pin=U9-4
Added Pin To Net: NetName=BCLK Pin=U10-4
Added Net: Name=BCLK
Added Pin To Net: NetName=CAM1_CN Pin=J2-149
Added Pin To Net: NetName=CAM1_CN Pin=J9-8
Added Net: Name=CAM1_CN
Added Pin To Net: NetName=CAM1_CP Pin=J2-147
Added Pin To Net: NetName=CAM1_CP Pin=J9-9
Added Net: Name=CAM1_CP
Added Pin To Net: NetName=CAM1_DN0 Pin=J2-161
Added Pin To Net: NetName=CAM1_DN0 Pin=J9-2
Added Net: Name=CAM1_DN0
Added Pin To Net: NetName=CAM1_DN1 Pin=J2-155
Added Pin To Net: NetName=CAM1_DN1 Pin=J9-5
Added Net: Name=CAM1_DN1
Added Pin To Net: NetName=CAM1_DP0 Pin=J2-159
Added Pin To Net: NetName=CAM1_DP0 Pin=J9-3
Added Net: Name=CAM1_DP0
Added Pin To Net: NetName=CAM1_DP1 Pin=J2-153
Added Pin To Net: NetName=CAM1_DP1 Pin=J9-6
Added Net: Name=CAM1_DP1
Added Pin To Net: NetName=CAM1_GPIO0 Pin=J2-87
Added Pin To Net: NetName=CAM1_GPIO0 Pin=J9-11
Added Net: Name=CAM1_GPIO0
Added Pin To Net: NetName=CAM1_GPIO1 Pin=J2-89
Added Pin To Net: NetName=CAM1_GPIO1 Pin=J9-12
Added Net: Name=CAM1_GPIO1
Added Pin To Net: NetName=CM_1V8 Pin=C18-2
Added Pin To Net: NetName=CM_1V8 Pin=J2-183
Added Pin To Net: NetName=CM_1V8 Pin=J2-185
Added Pin To Net: NetName=CM_1V8 Pin=R22-2
Added Net: Name=CM_1V8
Added Pin To Net: NetName=CM_3V3 Pin=C19-2
Added Pin To Net: NetName=CM_3V3 Pin=R24-2
Added Net: Name=CM_3V3
Added Pin To Net: NetName=CM_PWM0 Pin=J2-45
Added Pin To Net: NetName=CM_PWM0 Pin=U7-3
Added Net: Name=CM_PWM0
Added Pin To Net: NetName=CM_PWM1 Pin=J2-47
Added Pin To Net: NetName=CM_PWM1 Pin=U7-1
Added Net: Name=CM_PWM1
Added Pin To Net: NetName=CM_VBAT Pin=C17-2
Added Pin To Net: NetName=CM_VBAT Pin=J2-198
Added Pin To Net: NetName=CM_VBAT Pin=J2-200
Added Pin To Net: NetName=CM_VBAT Pin=R21-2
Added Net: Name=CM_VBAT
Added Pin To Net: NetName=CM_VDAC Pin=R23-2
Added Net: Name=CM_VDAC
Added Pin To Net: NetName=DAC_2V5 Pin=C5-2
Added Pin To Net: NetName=DAC_2V5 Pin=R23-1
Added Pin To Net: NetName=DAC_2V5 Pin=V1-1
Added Pin To Net: NetName=DAC_2V5 Pin=V1-3
Added Net: Name=DAC_2V5
Added Pin To Net: NetName=DOUT Pin=J2-69
Added Pin To Net: NetName=DOUT Pin=R50-1
Added Pin To Net: NetName=DOUT Pin=R53-2
Added Net: Name=DOUT
Added Pin To Net: NetName=DSI1_CN Pin=J2-102
Added Pin To Net: NetName=DSI1_CN Pin=J7-5
Added Net: Name=DSI1_CN
Added Pin To Net: NetName=DSI1_CP Pin=J2-100
Added Pin To Net: NetName=DSI1_CP Pin=J7-6
Added Net: Name=DSI1_CP
Added Pin To Net: NetName=DSI1_DN0 Pin=J2-96
Added Pin To Net: NetName=DSI1_DN0 Pin=J7-8
Added Net: Name=DSI1_DN0
Added Pin To Net: NetName=DSI1_DN1 Pin=J2-120
Added Pin To Net: NetName=DSI1_DN1 Pin=J7-2
Added Net: Name=DSI1_DN1
Added Pin To Net: NetName=DSI1_DP0 Pin=J2-94
Added Pin To Net: NetName=DSI1_DP0 Pin=J7-9
Added Net: Name=DSI1_DP0
Added Pin To Net: NetName=DSI1_DP1 Pin=J2-118
Added Pin To Net: NetName=DSI1_DP1 Pin=J7-3
Added Net: Name=DSI1_DP1
Added Pin To Net: NetName=EMMC_DISABLE_N Pin=J2-2
Added Pin To Net: NetName=EMMC_DISABLE_N Pin=Q2-3
Added Net: Name=EMMC_DISABLE_N
Added Pin To Net: NetName=EMMC_EN_N_1V8 Pin=J2-90
Added Pin To Net: NetName=EMMC_EN_N_1V8 Pin=Q3-1
Added Pin To Net: NetName=EMMC_EN_N_1V8 Pin=R18-1
Added Net: Name=EMMC_EN_N_1V8
Added Pin To Net: NetName=GND Pin=C1-1
Added Pin To Net: NetName=GND Pin=C2-1
Added Pin To Net: NetName=GND Pin=C3-1
Added Pin To Net: NetName=GND Pin=C4-1
Added Pin To Net: NetName=GND Pin=C5-1
Added Pin To Net: NetName=GND Pin=C6-1
Added Pin To Net: NetName=GND Pin=C7-1
Added Pin To Net: NetName=GND Pin=C8-1
Added Pin To Net: NetName=GND Pin=C9-1
Added Pin To Net: NetName=GND Pin=C10-1
Added Pin To Net: NetName=GND Pin=C11-1
Added Pin To Net: NetName=GND Pin=C12-1
Added Pin To Net: NetName=GND Pin=C13-2
Added Pin To Net: NetName=GND Pin=C14-1
Added Pin To Net: NetName=GND Pin=C15-1
Added Pin To Net: NetName=GND Pin=C16-1
Added Pin To Net: NetName=GND Pin=C17-1
Added Pin To Net: NetName=GND Pin=C18-1
Added Pin To Net: NetName=GND Pin=C19-1
Added Pin To Net: NetName=GND Pin=C20-1
Added Pin To Net: NetName=GND Pin=C21-1
Added Pin To Net: NetName=GND Pin=C22-1
Added Pin To Net: NetName=GND Pin=C23-1
Added Pin To Net: NetName=GND Pin=C24-1
Added Pin To Net: NetName=GND Pin=C25-2
Added Pin To Net: NetName=GND Pin=C26-1
Added Pin To Net: NetName=GND Pin=C27-1
Added Pin To Net: NetName=GND Pin=C28-1
Added Pin To Net: NetName=GND Pin=C29-1
Added Pin To Net: NetName=GND Pin=C30-1
Added Pin To Net: NetName=GND Pin=C31-1
Added Pin To Net: NetName=GND Pin=C32-1
Added Pin To Net: NetName=GND Pin=C33-1
Added Pin To Net: NetName=GND Pin=C34-1
Added Pin To Net: NetName=GND Pin=C35-1
Added Pin To Net: NetName=GND Pin=C36-1
Added Pin To Net: NetName=GND Pin=C37-1
Added Pin To Net: NetName=GND Pin=C38-1
Added Pin To Net: NetName=GND Pin=C39-1
Added Pin To Net: NetName=GND Pin=C40-1
Added Pin To Net: NetName=GND Pin=C42-1
Added Pin To Net: NetName=GND Pin=C43-1
Added Pin To Net: NetName=GND Pin=C44-1
Added Pin To Net: NetName=GND Pin=C45-1
Added Pin To Net: NetName=GND Pin=C46-1
Added Pin To Net: NetName=GND Pin=C47-1
Added Pin To Net: NetName=GND Pin=C48-1
Added Pin To Net: NetName=GND Pin=C49-1
Added Pin To Net: NetName=GND Pin=C50-1
Added Pin To Net: NetName=GND Pin=C51-1
Added Pin To Net: NetName=GND Pin=C53-1
Added Pin To Net: NetName=GND Pin=C61-1
Added Pin To Net: NetName=GND Pin=C62-1
Added Pin To Net: NetName=GND Pin=C65-1
Added Pin To Net: NetName=GND Pin=C66-1
Added Pin To Net: NetName=GND Pin=C67-1
Added Pin To Net: NetName=GND Pin=FB2-1
Added Pin To Net: NetName=GND Pin=FB2-2
Added Pin To Net: NetName=GND Pin=FB9-2
Added Pin To Net: NetName=GND Pin=J1-1
Added Pin To Net: NetName=GND Pin=J1-1A
Added Pin To Net: NetName=GND Pin=J1-1B
Added Pin To Net: NetName=GND Pin=J2-1
Added Pin To Net: NetName=GND Pin=J2-7
Added Pin To Net: NetName=GND Pin=J2-8
Added Pin To Net: NetName=GND Pin=J2-13
Added Pin To Net: NetName=GND Pin=J2-14
Added Pin To Net: NetName=GND Pin=J2-19
Added Pin To Net: NetName=GND Pin=J2-20
Added Pin To Net: NetName=GND Pin=J2-25
Added Pin To Net: NetName=GND Pin=J2-26
Added Pin To Net: NetName=GND Pin=J2-31
Added Pin To Net: NetName=GND Pin=J2-32
Added Pin To Net: NetName=GND Pin=J2-37
Added Pin To Net: NetName=GND Pin=J2-38
Added Pin To Net: NetName=GND Pin=J2-43
Added Pin To Net: NetName=GND Pin=J2-44
Added Pin To Net: NetName=GND Pin=J2-49
Added Pin To Net: NetName=GND Pin=J2-50
Added Pin To Net: NetName=GND Pin=J2-55
Added Pin To Net: NetName=GND Pin=J2-56
Added Pin To Net: NetName=GND Pin=J2-61
Added Pin To Net: NetName=GND Pin=J2-62
Added Pin To Net: NetName=GND Pin=J2-67
Added Pin To Net: NetName=GND Pin=J2-68
Added Pin To Net: NetName=GND Pin=J2-73
Added Pin To Net: NetName=GND Pin=J2-74
Added Pin To Net: NetName=GND Pin=J2-79
Added Pin To Net: NetName=GND Pin=J2-80
Added Pin To Net: NetName=GND Pin=J2-85
Added Pin To Net: NetName=GND Pin=J2-86
Added Pin To Net: NetName=GND Pin=J2-91
Added Pin To Net: NetName=GND Pin=J2-92
Added Pin To Net: NetName=GND Pin=J2-97
Added Pin To Net: NetName=GND Pin=J2-98
Added Pin To Net: NetName=GND Pin=J2-103
Added Pin To Net: NetName=GND Pin=J2-104
Added Pin To Net: NetName=GND Pin=J2-109
Added Pin To Net: NetName=GND Pin=J2-110
Added Pin To Net: NetName=GND Pin=J2-115
Added Pin To Net: NetName=GND Pin=J2-116
Added Pin To Net: NetName=GND Pin=J2-121
Added Pin To Net: NetName=GND Pin=J2-122
Added Pin To Net: NetName=GND Pin=J2-127
Added Pin To Net: NetName=GND Pin=J2-133
Added Pin To Net: NetName=GND Pin=J2-134
Added Pin To Net: NetName=GND Pin=J2-139
Added Pin To Net: NetName=GND Pin=J2-140
Added Pin To Net: NetName=GND Pin=J2-145
Added Pin To Net: NetName=GND Pin=J2-146
Added Pin To Net: NetName=GND Pin=J2-151
Added Pin To Net: NetName=GND Pin=J2-152
Added Pin To Net: NetName=GND Pin=J2-157
Added Pin To Net: NetName=GND Pin=J2-163
Added Pin To Net: NetName=GND Pin=J2-164
Added Pin To Net: NetName=GND Pin=J2-169
Added Pin To Net: NetName=GND Pin=J2-170
Added Pin To Net: NetName=GND Pin=J2-181
Added Pin To Net: NetName=GND Pin=J2-182
Added Pin To Net: NetName=GND Pin=J2-187
Added Pin To Net: NetName=GND Pin=J2-188
Added Pin To Net: NetName=GND Pin=J2-195
Added Pin To Net: NetName=GND Pin=J2-196
Added Pin To Net: NetName=GND Pin=J3-6
Added Pin To Net: NetName=GND Pin=J3-11
Added Pin To Net: NetName=GND Pin=J3-12
Added Pin To Net: NetName=GND Pin=J3-13
Added Pin To Net: NetName=GND Pin=J3-14
Added Pin To Net: NetName=GND Pin=J3-15
Added Pin To Net: NetName=GND Pin=J3-16
Added Pin To Net: NetName=GND Pin=J6-8
Added Pin To Net: NetName=GND Pin=J6-13
Added Pin To Net: NetName=GND Pin=J6-14
Added Pin To Net: NetName=GND Pin=J6-15
Added Pin To Net: NetName=GND Pin=J6-16
Added Pin To Net: NetName=GND Pin=J7-1
Added Pin To Net: NetName=GND Pin=J7-4
Added Pin To Net: NetName=GND Pin=J7-7
Added Pin To Net: NetName=GND Pin=J7-10
Added Pin To Net: NetName=GND Pin=J7-13
Added Pin To Net: NetName=GND Pin=J8-1
Added Pin To Net: NetName=GND Pin=J9-1
Added Pin To Net: NetName=GND Pin=J9-4
Added Pin To Net: NetName=GND Pin=J9-7
Added Pin To Net: NetName=GND Pin=J9-10
Added Pin To Net: NetName=GND Pin=L1-2
Added Pin To Net: NetName=GND Pin=L2-2
Added Pin To Net: NetName=GND Pin=L3-2
Added Pin To Net: NetName=GND Pin=Q2-1
Added Pin To Net: NetName=GND Pin=Q3-2
Added Pin To Net: NetName=GND Pin=Q4-2
Added Pin To Net: NetName=GND Pin=R3-1
Added Pin To Net: NetName=GND Pin=R6-1
Added Pin To Net: NetName=GND Pin=R13-1
Added Pin To Net: NetName=GND Pin=R13-2
Added Pin To Net: NetName=GND Pin=R16-1
Added Pin To Net: NetName=GND Pin=R17-1
Added Pin To Net: NetName=GND Pin=R19-2
Added Pin To Net: NetName=GND Pin=R20-2
Added Pin To Net: NetName=GND Pin=R25-1
Added Pin To Net: NetName=GND Pin=R32-1
Added Pin To Net: NetName=GND Pin=R39-1
Added Pin To Net: NetName=GND Pin=R40-1
Added Pin To Net: NetName=GND Pin=R42-1
Added Pin To Net: NetName=GND Pin=R43-1
Added Pin To Net: NetName=GND Pin=S1-1
Added Pin To Net: NetName=GND Pin=S1-2
Added Pin To Net: NetName=GND Pin=SMBJ5.0A-TR-2
Added Pin To Net: NetName=GND Pin=U1-3
Added Pin To Net: NetName=GND Pin=U1-4
Added Pin To Net: NetName=GND Pin=U1-9
Added Pin To Net: NetName=GND Pin=U1-10
Added Pin To Net: NetName=GND Pin=U1-13
Added Pin To Net: NetName=GND Pin=U2-4
Added Pin To Net: NetName=GND Pin=U3-3
Added Pin To Net: NetName=GND Pin=U4-6
Added Pin To Net: NetName=GND Pin=U5-6
Added Pin To Net: NetName=GND Pin=U6-34
Added Pin To Net: NetName=GND Pin=U6-44
Added Pin To Net: NetName=GND Pin=U6-65
Added Pin To Net: NetName=GND Pin=U7-2
Added Pin To Net: NetName=GND Pin=U8-7
Added Pin To Net: NetName=GND Pin=U8-11
Added Pin To Net: NetName=GND Pin=U8-12
Added Pin To Net: NetName=GND Pin=U8-15
Added Pin To Net: NetName=GND Pin=U8-27
Added Pin To Net: NetName=GND Pin=U8-34
Added Pin To Net: NetName=GND Pin=U8-35
Added Pin To Net: NetName=GND Pin=U8-39
Added Pin To Net: NetName=GND Pin=U8-43
Added Pin To Net: NetName=GND Pin=U8-44
Added Pin To Net: NetName=GND Pin=U8-45
Added Pin To Net: NetName=GND Pin=U9-2
Added Pin To Net: NetName=GND Pin=U9-3
Added Pin To Net: NetName=GND Pin=U10-3
Added Pin To Net: NetName=GND Pin=U11-1
Added Pin To Net: NetName=GND Pin=U11-2
Added Pin To Net: NetName=GND Pin=U11-7
Added Pin To Net: NetName=GND Pin=U11-8
Added Pin To Net: NetName=GND Pin=U11-9
Added Pin To Net: NetName=GND Pin=U11-10
Added Pin To Net: NetName=GND Pin=U11-11
Added Pin To Net: NetName=GND Pin=U11-12
Added Pin To Net: NetName=GND Pin=U11-13
Added Pin To Net: NetName=GND Pin=U11-14
Added Pin To Net: NetName=GND Pin=U11-15
Added Pin To Net: NetName=GND Pin=U11-19
Added Pin To Net: NetName=GND Pin=V1-2
Added Net: Name=GND
Added Pin To Net: NetName=GPIO28 Pin=J2-28
Added Pin To Net: NetName=GPIO28 Pin=J2-82
Added Pin To Net: NetName=GPIO28 Pin=R17-2
Added Pin To Net: NetName=GPIO28 Pin=R19-1
Added Net: Name=GPIO28
Added Pin To Net: NetName=GPIO29 Pin=J2-30
Added Pin To Net: NetName=GPIO29 Pin=J2-84
Added Pin To Net: NetName=GPIO29 Pin=R16-2
Added Pin To Net: NetName=GPIO29 Pin=R20-1
Added Net: Name=GPIO29
Added Pin To Net: NetName=L+ Pin=C55-1
Added Pin To Net: NetName=L+ Pin=FB5-2
Added Pin To Net: NetName=L+ Pin=P1-1
Added Net: Name=L+
Added Pin To Net: NetName=L- Pin=C56-2
Added Pin To Net: NetName=L- Pin=FB6-2
Added Pin To Net: NetName=L- Pin=P1-2
Added Net: Name=L-
Added Pin To Net: NetName=L_IN Pin=C41-2
Added Pin To Net: NetName=L_IN Pin=R40-2
Added Pin To Net: NetName=L_IN Pin=R44-1
Added Net: Name=L_IN
Added Pin To Net: NetName=LRCL Pin=J2-65
Added Pin To Net: NetName=LRCL Pin=U9-1
Added Pin To Net: NetName=LRCL Pin=U10-1
Added Net: Name=LRCL
Added Pin To Net: NetName=MUTE Pin=J2-9
Added Pin To Net: NetName=MUTE Pin=R38-2
Added Pin To Net: NetName=MUTE Pin=U8-24
Added Net: Name=MUTE
Added Pin To Net: NetName=NetC1_2 Pin=C1-2
Added Pin To Net: NetName=NetC1_2 Pin=D1-1
Added Pin To Net: NetName=NetC1_2 Pin=J1-2
Added Pin To Net: NetName=NetC1_2 Pin=J1-2A
Added Pin To Net: NetName=NetC1_2 Pin=J1-2B
Added Pin To Net: NetName=NetC1_2 Pin=J1-3
Added Pin To Net: NetName=NetC1_2 Pin=J1-3A
Added Pin To Net: NetName=NetC1_2 Pin=J1-3B
Added Pin To Net: NetName=NetC1_2 Pin=SMBJ5.0A-TR-1
Added Net: Name=NetC1_2
Added Pin To Net: NetName=NetC6_2 Pin=C6-2
Added Pin To Net: NetName=NetC6_2 Pin=V1-4
Added Net: Name=NetC6_2
Added Pin To Net: NetName=NetC9_2 Pin=C9-2
Added Pin To Net: NetName=NetC9_2 Pin=R4-1
Added Pin To Net: NetName=NetC9_2 Pin=U1-12
Added Net: Name=NetC9_2
Added Pin To Net: NetName=NetC14_2 Pin=C14-2
Added Pin To Net: NetName=NetC14_2 Pin=J2-4
Added Pin To Net: NetName=NetC14_2 Pin=J2-6
Added Pin To Net: NetName=NetC14_2 Pin=R12-1
Added Net: Name=NetC14_2
Added Pin To Net: NetName=NetC38_2 Pin=C38-2
Added Pin To Net: NetName=NetC38_2 Pin=J6-4
Added Pin To Net: NetName=NetC38_2 Pin=J6-5
Added Pin To Net: NetName=NetC38_2 Pin=R29-1
Added Net: Name=NetC38_2
Added Pin To Net: NetName=NetC39_2 Pin=C39-2
Added Pin To Net: NetName=NetC39_2 Pin=R35-1
Added Pin To Net: NetName=NetC39_2 Pin=U6-60
Added Pin To Net: NetName=NetC39_2 Pin=X1-1
Added Net: Name=NetC39_2
Added Pin To Net: NetName=NetC40_2 Pin=C40-2
Added Pin To Net: NetName=NetC40_2 Pin=R35-2
Added Pin To Net: NetName=NetC40_2 Pin=U6-61
Added Pin To Net: NetName=NetC40_2 Pin=X1-3
Added Net: Name=NetC40_2
Added Pin To Net: NetName=NetC41_1 Pin=C41-1
Added Pin To Net: NetName=NetC41_1 Pin=C42-2
Added Pin To Net: NetName=NetC41_1 Pin=R37-2
Added Pin To Net: NetName=NetC41_1 Pin=R39-2
Added Net: Name=NetC41_1
Added Pin To Net: NetName=NetC52_1 Pin=C52-1
Added Pin To Net: NetName=NetC52_1 Pin=C53-2
Added Pin To Net: NetName=NetC52_1 Pin=R41-2
Added Pin To Net: NetName=NetC52_1 Pin=R42-2
Added Net: Name=NetC52_1
Added Pin To Net: NetName=NetC54_1 Pin=C54-1
Added Pin To Net: NetName=NetC54_1 Pin=U8-1
Added Pin To Net: NetName=NetC54_1 Pin=U8-2
Added Pin To Net: NetName=NetC54_1 Pin=U8-3
Added Net: Name=NetC54_1
Added Pin To Net: NetName=NetC54_2 Pin=C54-2
Added Pin To Net: NetName=NetC54_2 Pin=FB5-1
Added Net: Name=NetC54_2
Added Pin To Net: NetName=NetC55_2 Pin=C55-2
Added Pin To Net: NetName=NetC55_2 Pin=C56-1
Added Net: Name=NetC55_2
Added Pin To Net: NetName=NetC57_1 Pin=C57-1
Added Pin To Net: NetName=NetC57_1 Pin=U8-40
Added Pin To Net: NetName=NetC57_1 Pin=U8-41
Added Pin To Net: NetName=NetC57_1 Pin=U8-42
Added Net: Name=NetC57_1
Added Pin To Net: NetName=NetC57_2 Pin=C57-2
Added Pin To Net: NetName=NetC57_2 Pin=FB6-1
Added Net: Name=NetC57_2
Added Pin To Net: NetName=NetC58_1 Pin=C58-1
Added Pin To Net: NetName=NetC58_1 Pin=U8-31
Added Pin To Net: NetName=NetC58_1 Pin=U8-32
Added Pin To Net: NetName=NetC58_1 Pin=U8-33
Added Net: Name=NetC58_1
Added Pin To Net: NetName=NetC58_2 Pin=C58-2
Added Pin To Net: NetName=NetC58_2 Pin=FB7-1
Added Net: Name=NetC58_2
Added Pin To Net: NetName=NetC59_2 Pin=C59-2
Added Pin To Net: NetName=NetC59_2 Pin=C60-1
Added Net: Name=NetC59_2
Added Pin To Net: NetName=NetC63_1 Pin=C63-1
Added Pin To Net: NetName=NetC63_1 Pin=U8-36
Added Pin To Net: NetName=NetC63_1 Pin=U8-37
Added Pin To Net: NetName=NetC63_1 Pin=U8-38
Added Net: Name=NetC63_1
Added Pin To Net: NetName=NetC63_2 Pin=C63-2
Added Pin To Net: NetName=NetC63_2 Pin=FB8-1
Added Net: Name=NetC63_2
Added Pin To Net: NetName=NetC64_2 Pin=C64-2
Added Pin To Net: NetName=NetC64_2 Pin=U8-20
Added Net: Name=NetC64_2
Added Pin To Net: NetName=NetD1_2 Pin=D1-2
Added Pin To Net: NetName=NetD1_2 Pin=FB1-1
Added Net: Name=NetD1_2
Added Pin To Net: NetName=NetH1_1 Pin=H1-1
Added Pin To Net: NetName=NetH1_1 Pin=U1-8
Added Net: Name=NetH1_1
Added Pin To Net: NetName=NetH2_1 Pin=H2-1
Added Pin To Net: NetName=NetH2_1 Pin=U1-2
Added Net: Name=NetH2_1
Added Pin To Net: NetName=NetJ2_184 Pin=J2-184
Added Pin To Net: NetName=NetJ2_184 Pin=J2-186
Added Net: Name=NetJ2_184
Added Pin To Net: NetName=NetJ2_191 Pin=J2-191
Added Pin To Net: NetName=NetJ2_191 Pin=J2-193
Added Net: Name=NetJ2_191
Added Pin To Net: NetName=NetJ2_192 Pin=J2-192
Added Pin To Net: NetName=NetJ2_192 Pin=J2-194
Added Net: Name=NetJ2_192
Added Pin To Net: NetName=NetJ2_197 Pin=J2-197
Added Pin To Net: NetName=NetJ2_197 Pin=J2-199
Added Net: Name=NetJ2_197
Added Pin To Net: NetName=NetJ6_10 Pin=J6-10
Added Pin To Net: NetName=NetJ6_10 Pin=R31-2
Added Net: Name=NetJ6_10
Added Pin To Net: NetName=NetJ6_11 Pin=J6-11
Added Pin To Net: NetName=NetJ6_11 Pin=R36-2
Added Net: Name=NetJ6_11
Added Pin To Net: NetName=NetJ8_2 Pin=J8-2
Added Pin To Net: NetName=NetJ8_2 Pin=U11-16
Added Net: Name=NetJ8_2
Added Pin To Net: NetName=NetL1_1 Pin=L1-1
Added Pin To Net: NetName=NetL1_1 Pin=R1-2
Added Net: Name=NetL1_1
Added Pin To Net: NetName=NetL2_1 Pin=L2-1
Added Pin To Net: NetName=NetL2_1 Pin=R2-2
Added Net: Name=NetL2_1
Added Pin To Net: NetName=NetL3_1 Pin=L3-1
Added Pin To Net: NetName=NetL3_1 Pin=R5-2
Added Net: Name=NetL3_1
Added Pin To Net: NetName=NetQ1_1 Pin=Q1-1
Added Pin To Net: NetName=NetQ1_1 Pin=R8-1
Added Pin To Net: NetName=NetQ1_1 Pin=U2-6
Added Net: Name=NetQ1_1
Added Pin To Net: NetName=NetQ2_2 Pin=Q2-2
Added Pin To Net: NetName=NetQ2_2 Pin=Q3-3
Added Net: Name=NetQ2_2
Added Pin To Net: NetName=NetQ4_3 Pin=Q4-3
Added Pin To Net: NetName=NetQ4_3 Pin=R38-1
Added Net: Name=NetQ4_3
Added Pin To Net: NetName=NetR7_1 Pin=R7-1
Added Pin To Net: NetName=NetR7_1 Pin=S1-3
Added Pin To Net: NetName=NetR7_1 Pin=S1-4
Added Pin To Net: NetName=NetR7_1 Pin=U2-2
Added Net: Name=NetR7_1
Added Pin To Net: NetName=NetR9_2 Pin=R9-2
Added Pin To Net: NetName=NetR9_2 Pin=U2-8
Added Pin To Net: NetName=NetR9_2 Pin=U3-4
Added Net: Name=NetR9_2
Added Pin To Net: NetName=NetR10_1 Pin=R10-1
Added Pin To Net: NetName=NetR10_1 Pin=U2-5
Added Net: Name=NetR10_1
Added Pin To Net: NetName=NetR11_2 Pin=R11-2
Added Pin To Net: NetName=NetR11_2 Pin=U3-2
Added Net: Name=NetR11_2
Added Pin To Net: NetName=NetR25_2 Pin=R25-2
Added Pin To Net: NetName=NetR25_2 Pin=U6-63
Added Net: Name=NetR25_2
Added Pin To Net: NetName=NetR32_2 Pin=R32-2
Added Pin To Net: NetName=NetR32_2 Pin=U6-50
Added Net: Name=NetR32_2
Added Pin To Net: NetName=NetR33_2 Pin=R33-2
Added Pin To Net: NetName=NetR33_2 Pin=U6-41
Added Net: Name=NetR33_2
Added Pin To Net: NetName=NetR37_1 Pin=R37-1
Added Pin To Net: NetName=NetR37_1 Pin=U7-6
Added Net: Name=NetR37_1
Added Pin To Net: NetName=NetR41_1 Pin=R41-1
Added Pin To Net: NetName=NetR41_1 Pin=U7-4
Added Net: Name=NetR41_1
Added Pin To Net: NetName=NetR44_2 Pin=R44-2
Added Pin To Net: NetName=NetR44_2 Pin=R45-1
Added Pin To Net: NetName=NetR44_2 Pin=U8-16
Added Net: Name=NetR44_2
Added Pin To Net: NetName=NetR45_2 Pin=R45-2
Added Pin To Net: NetName=NetR45_2 Pin=U8-17
Added Net: Name=NetR45_2
Added Pin To Net: NetName=NetR46_2 Pin=R46-2
Added Pin To Net: NetName=NetR46_2 Pin=R47-1
Added Pin To Net: NetName=NetR46_2 Pin=U8-19
Added Net: Name=NetR46_2
Added Pin To Net: NetName=NetR47_2 Pin=R47-2
Added Pin To Net: NetName=NetR47_2 Pin=U8-18
Added Net: Name=NetR47_2
Added Pin To Net: NetName=NetR48_1 Pin=R48-1
Added Pin To Net: NetName=NetR48_1 Pin=U8-22
Added Net: Name=NetR48_1
Added Pin To Net: NetName=NetR49_1 Pin=R49-1
Added Pin To Net: NetName=NetR49_1 Pin=U8-13
Added Net: Name=NetR49_1
Added Pin To Net: NetName=NetR50_2 Pin=R50-2
Added Pin To Net: NetName=NetR50_2 Pin=U9-6
Added Net: Name=NetR50_2
Added Pin To Net: NetName=NetR51_1 Pin=R51-1
Added Pin To Net: NetName=NetR51_1 Pin=U8-14
Added Net: Name=NetR51_1
Added Pin To Net: NetName=NetR53_1 Pin=R53-1
Added Pin To Net: NetName=NetR53_1 Pin=U10-6
Added Net: Name=NetR53_1
Added Pin To Net: NetName=NetR54_1 Pin=R54-1
Added Pin To Net: NetName=NetR54_1 Pin=U11-5
Added Net: Name=NetR54_1
Added Pin To Net: NetName=NFXD_LED Pin=U6-22
Added Net: Name=NFXD_LED
Added Pin To Net: NetName=NLNKA_LED Pin=R31-1
Added Pin To Net: NetName=NLNKA_LED Pin=U6-21
Added Net: Name=NLNKA_LED
Added Pin To Net: NetName=NRST_LAN Pin=C37-2
Added Pin To Net: NetName=NRST_LAN Pin=R34-1
Added Pin To Net: NetName=NRST_LAN Pin=U6-12
Added Net: Name=NRST_LAN
Added Pin To Net: NetName=NSPD_LED Pin=R36-1
Added Pin To Net: NetName=NSPD_LED Pin=U6-20
Added Net: Name=NSPD_LED
Added Pin To Net: NetName=PRTCTL2 Pin=U4-1
Added Pin To Net: NetName=PRTCTL2 Pin=U4-2
Added Pin To Net: NetName=PRTCTL2 Pin=U6-14
Added Net: Name=PRTCTL2
Added Pin To Net: NetName=PRTCTL3 Pin=U4-3
Added Pin To Net: NetName=PRTCTL3 Pin=U4-4
Added Pin To Net: NetName=PRTCTL3 Pin=U6-16
Added Net: Name=PRTCTL3
Added Pin To Net: NetName=PRTCTL4 Pin=U5-1
Added Pin To Net: NetName=PRTCTL4 Pin=U5-2
Added Pin To Net: NetName=PRTCTL4 Pin=U6-17
Added Net: Name=PRTCTL4
Added Pin To Net: NetName=PRTCTL5 Pin=U5-3
Added Pin To Net: NetName=PRTCTL5 Pin=U5-4
Added Pin To Net: NetName=PRTCTL5 Pin=U6-18
Added Net: Name=PRTCTL5
Added Pin To Net: NetName=PWR2 Pin=U4-8
Added Net: Name=PWR2
Added Pin To Net: NetName=PWR3 Pin=U4-5
Added Net: Name=PWR3
Added Pin To Net: NetName=PWR4 Pin=U5-8
Added Net: Name=PWR4
Added Pin To Net: NetName=PWR5 Pin=U5-5
Added Net: Name=PWR5
Added Pin To Net: NetName=PWR_EN Pin=Q1-2
Added Pin To Net: NetName=PWR_EN Pin=R4-2
Added Pin To Net: NetName=PWR_EN Pin=U1-6
Added Net: Name=PWR_EN
Added Pin To Net: NetName=R+ Pin=C59-1
Added Pin To Net: NetName=R+ Pin=FB7-2
Added Pin To Net: NetName=R+ Pin=P2-1
Added Net: Name=R+
Added Pin To Net: NetName=R- Pin=C60-2
Added Pin To Net: NetName=R- Pin=P2-2
Added Net: Name=R-
Added Pin To Net: NetName=R_IN Pin=C52-2
Added Pin To Net: NetName=R_IN Pin=R43-2
Added Pin To Net: NetName=R_IN Pin=R46-1
Added Net: Name=R_IN
Added Pin To Net: NetName=RESET_BRD Pin=J2-11
Added Pin To Net: NetName=RESET_BRD Pin=U3-1
Added Net: Name=RESET_BRD
Added Pin To Net: NetName=RX_N Pin=J6-6
Added Pin To Net: NetName=RX_N Pin=R30-1
Added Pin To Net: NetName=RX_N Pin=U6-53
Added Net: Name=RX_N
Added Pin To Net: NetName=RX_P Pin=J6-3
Added Pin To Net: NetName=RX_P Pin=R26-1
Added Pin To Net: NetName=RX_P Pin=U6-52
Added Net: Name=RX_P
Added Pin To Net: NetName=SCL0 Pin=J2-5
Added Pin To Net: NetName=SCL0 Pin=J7-11
Added Pin To Net: NetName=SCL0 Pin=J9-13
Added Pin To Net: NetName=SCL0 Pin=U8-8
Added Pin To Net: NetName=SCL0 Pin=U11-18
Added Pin To Net: NetName=SCL0 Pin=U11-20
Added Net: Name=SCL0
Added Pin To Net: NetName=SD_CLK Pin=J2-10
Added Pin To Net: NetName=SD_CLK Pin=J3-5
Added Net: Name=SD_CLK
Added Pin To Net: NetName=SD_CMD Pin=J2-12
Added Pin To Net: NetName=SD_CMD Pin=J3-3
Added Net: Name=SD_CMD
Added Pin To Net: NetName=SD_D0 Pin=J2-16
Added Pin To Net: NetName=SD_D0 Pin=J3-7
Added Net: Name=SD_D0
Added Pin To Net: NetName=SD_D1 Pin=J2-18
Added Pin To Net: NetName=SD_D1 Pin=J3-8
Added Net: Name=SD_D1
Added Pin To Net: NetName=SD_D2 Pin=J2-22
Added Pin To Net: NetName=SD_D2 Pin=J3-1
Added Net: Name=SD_D2
Added Pin To Net: NetName=SD_D3 Pin=J2-24
Added Pin To Net: NetName=SD_D3 Pin=J3-2
Added Net: Name=SD_D3
Added Pin To Net: NetName=SDA0 Pin=J2-3
Added Pin To Net: NetName=SDA0 Pin=J7-12
Added Pin To Net: NetName=SDA0 Pin=J9-14
Added Pin To Net: NetName=SDA0 Pin=U8-9
Added Pin To Net: NetName=SDA0 Pin=U11-17
Added Net: Name=SDA0
Added Pin To Net: NetName=SYNCOUT Pin=R52-1
Added Pin To Net: NetName=SYNCOUT Pin=U8-25
Added Pin To Net: NetName=SYNCOUT Pin=U8-26
Added Net: Name=SYNCOUT
Added Pin To Net: NetName=TX_N Pin=J6-2
Added Pin To Net: NetName=TX_N Pin=R28-1
Added Pin To Net: NetName=TX_N Pin=U6-56
Added Net: Name=TX_N
Added Pin To Net: NetName=TX_P Pin=J6-1
Added Pin To Net: NetName=TX_P Pin=R27-1
Added Pin To Net: NetName=TX_P Pin=U6-55
Added Net: Name=TX_P
Added Pin To Net: NetName=USB1_M Pin=U6-1
Added Net: Name=USB1_M
Added Pin To Net: NetName=USB1_P Pin=U6-2
Added Net: Name=USB1_P
Added Pin To Net: NetName=USB2_M Pin=U6-3
Added Net: Name=USB2_M
Added Pin To Net: NetName=USB2_P Pin=U6-4
Added Net: Name=USB2_P
Added Pin To Net: NetName=USB3_M Pin=U6-6
Added Net: Name=USB3_M
Added Pin To Net: NetName=USB3_P Pin=U6-7
Added Net: Name=USB3_P
Added Pin To Net: NetName=USB4_M Pin=U6-8
Added Net: Name=USB4_M
Added Pin To Net: NetName=USB4_P Pin=U6-9
Added Net: Name=USB4_P
Added Pin To Net: NetName=USB_DM Pin=J2-167
Added Pin To Net: NetName=USB_DM Pin=U6-58
Added Net: Name=USB_DM
Added Pin To Net: NetName=USB_DP Pin=J2-165
Added Pin To Net: NetName=USB_DP Pin=U6-59
Added Net: Name=USB_DP
Added Pin To Net: NetName=VBUS_DET Pin=U6-11
Added Net: Name=VBUS_DET
Added Pin To Net: NetName=VDD18ETHPLL Pin=C33-2
Added Pin To Net: NetName=VDD18ETHPLL Pin=FB4-2
Added Pin To Net: NetName=VDD18ETHPLL Pin=U6-48
Added Net: Name=VDD18ETHPLL
Added Pin To Net: NetName=VDD18USBPLL Pin=C32-2
Added Pin To Net: NetName=VDD18USBPLL Pin=FB4-1
Added Pin To Net: NetName=VDD18USBPLL Pin=U6-62
Added Net: Name=VDD18USBPLL
Added Pin To Net: NetName=VREF_BANK0 Pin=C15-2
Added Pin To Net: NetName=VREF_BANK0 Pin=J2-39
Added Pin To Net: NetName=VREF_BANK0 Pin=J2-40
Added Pin To Net: NetName=VREF_BANK0 Pin=R14-1
Added Net: Name=VREF_BANK0
Added Pin To Net: NetName=VREF_BANK1 Pin=C16-2
Added Pin To Net: NetName=VREF_BANK1 Pin=J2-41
Added Pin To Net: NetName=VREF_BANK1 Pin=J2-42
Added Pin To Net: NetName=VREF_BANK1 Pin=R15-1
Added Net: Name=VREF_BANK1
Added Class: Name=[03] - Power Supply
Added Class: Name=[04] - Compute Module
Added Class: Name=[05] - Ethernet & USB Hub
Added Class: Name=[06] - Audio In-Out
Added Class: Name=[07] - CSI-DSI & RTC
Added Class: Name=CSI
Added Class: Name=DIFF90
Added Class: Name=DIFF100
Added Class: Name=Ethernet
Added Class: Name=USB_DWN
Added Class: Name=USB_UP
Added Differential Pair: Name=RX
Added Differential Pair: Name=TX
Added Room: Name=[03] - Power Supply
Added Room: Name=[04] - Compute Module
Added Room: Name=[05] - Ethernet & USB Hub
Added Room: Name=[06] - Audio In-Out
Added Room: Name=[07] - CSI-DSI & RTC
