Removed Pin From Net: NetName=GPIO28 Pin=J2-82
Removed Pin From Net: NetName=GPIO29 Pin=J2-84
Removed Pin From Net: NetName=GPIO28 Pin=R19-1
Removed Pin From Net: NetName=GPIO29 Pin=R20-1
Added Pin To Net: NetName=GPIO44 Pin=J2-82
Added Pin To Net: NetName=GPIO44 Pin=R19-1
Added Net: Name=GPIO44
Added Pin To Net: NetName=GPIO45 Pin=J2-84
Added Pin To Net: NetName=GPIO45 Pin=R20-1
Added Net: Name=GPIO45
Added Member To Class: ClassName=[03] - Power Supply Member=Component C5 10uF 25V
Added Member To Class: ClassName=[03] - Power Supply Member=Component C6 100nF
Added Member To Class: ClassName=[03] - Power Supply Member=Component C7 100nF 16V
Added Member To Class: ClassName=[03] - Power Supply Member=Component C8 10uF
Added Member To Class: ClassName=[03] - Power Supply Member=Component C9 100nF
Added Member To Class: ClassName=[03] - Power Supply Member=Component C10 10uF
Added Member To Class: ClassName=[03] - Power Supply Member=Component C11 10uF
Added Member To Class: ClassName=[03] - Power Supply Member=Component C12 10uF
Added Member To Class: ClassName=[03] - Power Supply Member=Component C25 100nF
Added Member To Class: ClassName=[03] - Power Supply Member=Component H1 4.7uH
Added Member To Class: ClassName=[03] - Power Supply Member=Component H2 4.7uH
Added Member To Class: ClassName=[03] - Power Supply Member=Component R3 0
Added Member To Class: ClassName=[03] - Power Supply Member=Component R4 100k
Added Member To Class: ClassName=[03] - Power Supply Member=Component R6 0
Added Member To Class: ClassName=[03] - Power Supply Member=Component R7 10K
Added Member To Class: ClassName=[03] - Power Supply Member=Component U1 PAM2306AYPKE
Added Member To Class: ClassName=[03] - Power Supply Member=Component V1 AP7115-25SEG-7
