Removed Pin From Net: NetName=PWR2 Pin=J4-1
Removed Pin From Net: NetName=PWR3 Pin=J4-2
Removed Pin From Net: NetName=USB1_N Pin=J4-3
Removed Pin From Net: NetName=USB2_N Pin=J4-4
Removed Pin From Net: NetName=USB1_P Pin=J4-5
Removed Pin From Net: NetName=USB2_P Pin=J4-6
Removed Pin From Net: NetName=GND Pin=J4-7
Removed Pin From Net: NetName=GND Pin=J4-8
Removed Pin From Net: NetName=GND Pin=J4-9
Removed Pin From Net: NetName=GND Pin=J4-10
Removed Pin From Net: NetName=GND Pin=J4-11
Removed Pin From Net: NetName=GND Pin=J4-12
Removed Pin From Net: NetName=PWR4 Pin=J5-1
Removed Pin From Net: NetName=PWR5 Pin=J5-2
Removed Pin From Net: NetName=USB3_N Pin=J5-3
Removed Pin From Net: NetName=USB4_N Pin=J5-4
Removed Pin From Net: NetName=USB3_P Pin=J5-5
Removed Pin From Net: NetName=USB4_P Pin=J5-6
Removed Pin From Net: NetName=GND Pin=J5-7
Removed Pin From Net: NetName=GND Pin=J5-8
Removed Pin From Net: NetName=GND Pin=J5-9
Removed Pin From Net: NetName=GND Pin=J5-10
Removed Pin From Net: NetName=GND Pin=J5-11
Removed Pin From Net: NetName=GND Pin=J5-12
Removed Member From Class: ClassName=[05] - Ethernet & USB Hub Member=J4
Removed Member From Class: ClassName=[05] - Ethernet & USB Hub Member=J5
